13-Jan-2025 09:27:47.033 INFO [main] org.apache.catalina.startup.VersionLoggerListener.log Server version name:   Apache Tomcat/10.1.30
13-Jan-2025 09:27:47.035 INFO [main] org.apache.catalina.startup.VersionLoggerListener.log Server built:          Sep 13 2024 20:26:16 UTC
13-Jan-2025 09:27:47.036 INFO [main] org.apache.catalina.startup.VersionLoggerListener.log Server version number: 10.1.30.0
13-Jan-2025 09:27:47.036 INFO [main] org.apache.catalina.startup.VersionLoggerListener.log OS Name:               Windows 10
13-Jan-2025 09:27:47.036 INFO [main] org.apache.catalina.startup.VersionLoggerListener.log OS Version:            10.0
13-Jan-2025 09:27:47.036 INFO [main] org.apache.catalina.startup.VersionLoggerListener.log Architecture:          amd64
13-Jan-2025 09:27:47.037 INFO [main] org.apache.catalina.startup.VersionLoggerListener.log Java Home:             C:\Users\mau.lopezrodriguez\.jdks\corretto-21.0.4
13-Jan-2025 09:27:47.037 INFO [main] org.apache.catalina.startup.VersionLoggerListener.log JVM Version:           21.0.4+7-LTS
13-Jan-2025 09:27:47.037 INFO [main] org.apache.catalina.startup.VersionLoggerListener.log JVM Vendor:            Amazon.com Inc.
13-Jan-2025 09:27:47.037 INFO [main] org.apache.catalina.startup.VersionLoggerListener.log CATALINA_BASE:         C:\Users\mau.lopezrodriguez\OneDrive - Travelport\Desktop\project-two
13-Jan-2025 09:27:47.037 INFO [main] org.apache.catalina.startup.VersionLoggerListener.log CATALINA_HOME:         C:\dev\tomcat\10.1.30
13-Jan-2025 09:27:47.050 INFO [main] org.apache.catalina.startup.VersionLoggerListener.log Command line argument: --add-opens=java.base/java.lang=ALL-UNNAMED
13-Jan-2025 09:27:47.050 INFO [main] org.apache.catalina.startup.VersionLoggerListener.log Command line argument: --add-opens=java.base/java.io=ALL-UNNAMED
13-Jan-2025 09:27:47.050 INFO [main] org.apache.catalina.startup.VersionLoggerListener.log Command line argument: --add-opens=java.base/java.util=ALL-UNNAMED
13-Jan-2025 09:27:47.050 INFO [main] org.apache.catalina.startup.VersionLoggerListener.log Command line argument: --add-opens=java.base/java.util.concurrent=ALL-UNNAMED
13-Jan-2025 09:27:47.050 INFO [main] org.apache.catalina.startup.VersionLoggerListener.log Command line argument: --add-opens=java.rmi/sun.rmi.transport=ALL-UNNAMED
13-Jan-2025 09:27:47.050 INFO [main] org.apache.catalina.startup.VersionLoggerListener.log Command line argument: -Dcatalina.home=C:\dev\tomcat\10.1.30
13-Jan-2025 09:27:47.051 INFO [main] org.apache.catalina.startup.VersionLoggerListener.log Command line argument: -Dcatalina.base=C:\Users\mau.lopezrodriguez\OneDrive - Travelport\Desktop\project-two
13-Jan-2025 09:27:47.051 INFO [main] org.apache.catalina.startup.VersionLoggerListener.log Command line argument: -Djava.io.tmpdir=C:\Users\mau.lopezrodriguez\OneDrive - Travelport\Desktop\project-two\temp
13-Jan-2025 09:27:47.051 INFO [main] org.apache.catalina.startup.VersionLoggerListener.log Command line argument: -Djava.util.logging.config.file=C:\Users\mau.lopezrodriguez\OneDrive - Travelport\Desktop\project-two\conf\logging.properties
13-Jan-2025 09:27:47.051 INFO [main] org.apache.catalina.startup.VersionLoggerListener.log Command line argument: -Djava.util.logging.manager=org.apache.juli.ClassLoaderLogManager
13-Jan-2025 09:27:47.051 INFO [main] org.apache.catalina.startup.VersionLoggerListener.log Command line argument: -javaagent:C:\Program Files\JetBrains\IntelliJ IDEA Community Edition 2024.2.1\lib\idea_rt.jar=62542:C:\Program Files\JetBrains\IntelliJ IDEA Community Edition 2024.2.1\bin
13-Jan-2025 09:27:47.052 INFO [main] org.apache.catalina.startup.VersionLoggerListener.log Command line argument: -Dfile.encoding=UTF-8
13-Jan-2025 09:27:47.052 INFO [main] org.apache.catalina.startup.VersionLoggerListener.log Command line argument: -Dsun.stdout.encoding=UTF-8
13-Jan-2025 09:27:47.052 INFO [main] org.apache.catalina.startup.VersionLoggerListener.log Command line argument: -Dsun.stderr.encoding=UTF-8
13-Jan-2025 09:27:47.067 INFO [main] org.apache.catalina.core.AprLifecycleListener.lifecycleEvent Loaded Apache Tomcat Native library [2.0.8] using APR version [1.7.4].
13-Jan-2025 09:27:47.080 INFO [main] org.apache.catalina.core.AprLifecycleListener.initializeSSL OpenSSL successfully initialized [OpenSSL 3.0.14 4 Jun 2024]
13-Jan-2025 09:27:47.311 INFO [main] org.apache.coyote.AbstractProtocol.init Initializing ProtocolHandler ["http-nio-8080"]
13-Jan-2025 09:27:47.325 INFO [main] org.apache.catalina.startup.Catalina.load Server initialization in [465] milliseconds
13-Jan-2025 09:27:47.395 INFO [main] org.apache.catalina.core.StandardService.startInternal Starting service [Catalina]
13-Jan-2025 09:27:47.395 INFO [main] org.apache.catalina.core.StandardEngine.startInternal Starting Servlet engine: [Apache Tomcat/10.1.30]
13-Jan-2025 09:27:47.407 INFO [main] org.apache.catalina.startup.HostConfig.deployDescriptor Deploying deployment descriptor [C:\Users\mau.lopezrodriguez\OneDrive - Travelport\Desktop\project-two\conf\Catalina\localhost\project-two.xml]
13-Jan-2025 09:27:52.713 INFO [main] org.apache.jasper.servlet.TldScanner.scanJars At least one JAR was scanned for TLDs yet contained no TLDs. Enable debug logging for this logger for a complete list of JARs that were scanned but no TLDs were found in them. Skipping unneeded JARs during scanning can improve startup time and JSP compilation time.
13-Jan-2025 09:27:52.928 INFO [main] org.apache.catalina.startup.HostConfig.deployDescriptor Deployment of deployment descriptor [C:\Users\mau.lopezrodriguez\OneDrive - Travelport\Desktop\project-two\conf\Catalina\localhost\project-two.xml] has finished in [5,520] ms
13-Jan-2025 09:27:52.931 INFO [main] org.apache.coyote.AbstractProtocol.start Starting ProtocolHandler ["http-nio-8080"]
13-Jan-2025 09:27:52.953 INFO [main] org.apache.catalina.startup.Catalina.start Server startup in [5585] milliseconds
13-Jan-2025 09:28:21.436 INFO [Thread-1] org.apache.coyote.AbstractProtocol.pause Pausing ProtocolHandler ["http-nio-8080"]
13-Jan-2025 09:28:21.442 INFO [Thread-1] org.apache.catalina.core.StandardService.stopInternal Stopping service [Catalina]
13-Jan-2025 09:28:21.459 INFO [Thread-1] org.apache.coyote.AbstractProtocol.stop Stopping ProtocolHandler ["http-nio-8080"]
13-Jan-2025 09:28:21.468 INFO [Thread-1] org.apache.coyote.AbstractProtocol.destroy Destroying ProtocolHandler ["http-nio-8080"]
13-Jan-2025 09:48:30.042 INFO [main] org.apache.catalina.startup.VersionLoggerListener.log Server version name:   Apache Tomcat/10.1.30
13-Jan-2025 09:48:30.045 INFO [main] org.apache.catalina.startup.VersionLoggerListener.log Server built:          Sep 13 2024 20:26:16 UTC
13-Jan-2025 09:48:30.045 INFO [main] org.apache.catalina.startup.VersionLoggerListener.log Server version number: 10.1.30.0
13-Jan-2025 09:48:30.045 INFO [main] org.apache.catalina.startup.VersionLoggerListener.log OS Name:               Windows 10
13-Jan-2025 09:48:30.045 INFO [main] org.apache.catalina.startup.VersionLoggerListener.log OS Version:            10.0
13-Jan-2025 09:48:30.046 INFO [main] org.apache.catalina.startup.VersionLoggerListener.log Architecture:          amd64
13-Jan-2025 09:48:30.046 INFO [main] org.apache.catalina.startup.VersionLoggerListener.log Java Home:             C:\Users\mau.lopezrodriguez\.jdks\corretto-21.0.4
13-Jan-2025 09:48:30.046 INFO [main] org.apache.catalina.startup.VersionLoggerListener.log JVM Version:           21.0.4+7-LTS
13-Jan-2025 09:48:30.046 INFO [main] org.apache.catalina.startup.VersionLoggerListener.log JVM Vendor:            Amazon.com Inc.
13-Jan-2025 09:48:30.046 INFO [main] org.apache.catalina.startup.VersionLoggerListener.log CATALINA_BASE:         C:\Users\mau.lopezrodriguez\OneDrive - Travelport\Desktop\project-two
13-Jan-2025 09:48:30.047 INFO [main] org.apache.catalina.startup.VersionLoggerListener.log CATALINA_HOME:         C:\dev\tomcat\10.1.30
13-Jan-2025 09:48:30.056 INFO [main] org.apache.catalina.startup.VersionLoggerListener.log Command line argument: --add-opens=java.base/java.lang=ALL-UNNAMED
13-Jan-2025 09:48:30.056 INFO [main] org.apache.catalina.startup.VersionLoggerListener.log Command line argument: --add-opens=java.base/java.io=ALL-UNNAMED
13-Jan-2025 09:48:30.056 INFO [main] org.apache.catalina.startup.VersionLoggerListener.log Command line argument: --add-opens=java.base/java.util=ALL-UNNAMED
13-Jan-2025 09:48:30.057 INFO [main] org.apache.catalina.startup.VersionLoggerListener.log Command line argument: --add-opens=java.base/java.util.concurrent=ALL-UNNAMED
13-Jan-2025 09:48:30.057 INFO [main] org.apache.catalina.startup.VersionLoggerListener.log Command line argument: --add-opens=java.rmi/sun.rmi.transport=ALL-UNNAMED
13-Jan-2025 09:48:30.057 INFO [main] org.apache.catalina.startup.VersionLoggerListener.log Command line argument: -Dcatalina.home=C:\dev\tomcat\10.1.30
13-Jan-2025 09:48:30.057 INFO [main] org.apache.catalina.startup.VersionLoggerListener.log Command line argument: -Dcatalina.base=C:\Users\mau.lopezrodriguez\OneDrive - Travelport\Desktop\project-two
13-Jan-2025 09:48:30.057 INFO [main] org.apache.catalina.startup.VersionLoggerListener.log Command line argument: -Djava.io.tmpdir=C:\Users\mau.lopezrodriguez\OneDrive - Travelport\Desktop\project-two\temp
13-Jan-2025 09:48:30.057 INFO [main] org.apache.catalina.startup.VersionLoggerListener.log Command line argument: -Djava.util.logging.config.file=C:\Users\mau.lopezrodriguez\OneDrive - Travelport\Desktop\project-two\conf\logging.properties
13-Jan-2025 09:48:30.057 INFO [main] org.apache.catalina.startup.VersionLoggerListener.log Command line argument: -Djava.util.logging.manager=org.apache.juli.ClassLoaderLogManager
13-Jan-2025 09:48:30.057 INFO [main] org.apache.catalina.startup.VersionLoggerListener.log Command line argument: -javaagent:C:\Program Files\JetBrains\IntelliJ IDEA Community Edition 2024.2.1\lib\idea_rt.jar=63157:C:\Program Files\JetBrains\IntelliJ IDEA Community Edition 2024.2.1\bin
13-Jan-2025 09:48:30.057 INFO [main] org.apache.catalina.startup.VersionLoggerListener.log Command line argument: -Dfile.encoding=UTF-8
13-Jan-2025 09:48:30.057 INFO [main] org.apache.catalina.startup.VersionLoggerListener.log Command line argument: -Dsun.stdout.encoding=UTF-8
13-Jan-2025 09:48:30.058 INFO [main] org.apache.catalina.startup.VersionLoggerListener.log Command line argument: -Dsun.stderr.encoding=UTF-8
13-Jan-2025 09:48:30.062 INFO [main] org.apache.catalina.core.AprLifecycleListener.lifecycleEvent Loaded Apache Tomcat Native library [2.0.8] using APR version [1.7.4].
13-Jan-2025 09:48:30.068 INFO [main] org.apache.catalina.core.AprLifecycleListener.initializeSSL OpenSSL successfully initialized [OpenSSL 3.0.14 4 Jun 2024]
13-Jan-2025 09:48:30.275 INFO [main] org.apache.coyote.AbstractProtocol.init Initializing ProtocolHandler ["http-nio-8080"]
13-Jan-2025 09:48:30.292 INFO [main] org.apache.catalina.startup.Catalina.load Server initialization in [382] milliseconds
13-Jan-2025 09:48:30.352 INFO [main] org.apache.catalina.core.StandardService.startInternal Starting service [Catalina]
13-Jan-2025 09:48:30.352 INFO [main] org.apache.catalina.core.StandardEngine.startInternal Starting Servlet engine: [Apache Tomcat/10.1.30]
13-Jan-2025 09:48:30.363 INFO [main] org.apache.catalina.startup.HostConfig.deployDescriptor Deploying deployment descriptor [C:\Users\mau.lopezrodriguez\OneDrive - Travelport\Desktop\project-two\conf\Catalina\localhost\project-two.xml]
13-Jan-2025 09:48:35.733 INFO [main] org.apache.jasper.servlet.TldScanner.scanJars At least one JAR was scanned for TLDs yet contained no TLDs. Enable debug logging for this logger for a complete list of JARs that were scanned but no TLDs were found in them. Skipping unneeded JARs during scanning can improve startup time and JSP compilation time.
13-Jan-2025 09:48:35.952 INFO [main] org.apache.catalina.startup.HostConfig.deployDescriptor Deployment of deployment descriptor [C:\Users\mau.lopezrodriguez\OneDrive - Travelport\Desktop\project-two\conf\Catalina\localhost\project-two.xml] has finished in [5,589] ms
13-Jan-2025 09:48:35.957 INFO [main] org.apache.coyote.AbstractProtocol.start Starting ProtocolHandler ["http-nio-8080"]
13-Jan-2025 09:48:35.979 INFO [main] org.apache.catalina.startup.Catalina.start Server startup in [5685] milliseconds
13-Jan-2025 09:48:58.012 INFO [Thread-1] org.apache.coyote.AbstractProtocol.pause Pausing ProtocolHandler ["http-nio-8080"]
13-Jan-2025 09:48:58.016 INFO [Thread-1] org.apache.catalina.core.StandardService.stopInternal Stopping service [Catalina]
13-Jan-2025 09:48:58.029 INFO [Thread-1] org.apache.coyote.AbstractProtocol.stop Stopping ProtocolHandler ["http-nio-8080"]
13-Jan-2025 09:48:58.051 INFO [Thread-1] org.apache.coyote.AbstractProtocol.destroy Destroying ProtocolHandler ["http-nio-8080"]
13-Jan-2025 09:52:07.324 INFO [main] org.apache.catalina.startup.VersionLoggerListener.log Server version name:   Apache Tomcat/10.1.30
13-Jan-2025 09:52:07.327 INFO [main] org.apache.catalina.startup.VersionLoggerListener.log Server built:          Sep 13 2024 20:26:16 UTC
13-Jan-2025 09:52:07.327 INFO [main] org.apache.catalina.startup.VersionLoggerListener.log Server version number: 10.1.30.0
13-Jan-2025 09:52:07.327 INFO [main] org.apache.catalina.startup.VersionLoggerListener.log OS Name:               Windows 10
13-Jan-2025 09:52:07.328 INFO [main] org.apache.catalina.startup.VersionLoggerListener.log OS Version:            10.0
13-Jan-2025 09:52:07.328 INFO [main] org.apache.catalina.startup.VersionLoggerListener.log Architecture:          amd64
13-Jan-2025 09:52:07.328 INFO [main] org.apache.catalina.startup.VersionLoggerListener.log Java Home:             C:\Users\mau.lopezrodriguez\.jdks\corretto-21.0.4
13-Jan-2025 09:52:07.328 INFO [main] org.apache.catalina.startup.VersionLoggerListener.log JVM Version:           21.0.4+7-LTS
13-Jan-2025 09:52:07.328 INFO [main] org.apache.catalina.startup.VersionLoggerListener.log JVM Vendor:            Amazon.com Inc.
13-Jan-2025 09:52:07.328 INFO [main] org.apache.catalina.startup.VersionLoggerListener.log CATALINA_BASE:         C:\Users\mau.lopezrodriguez\OneDrive - Travelport\Desktop\project-two
13-Jan-2025 09:52:07.329 INFO [main] org.apache.catalina.startup.VersionLoggerListener.log CATALINA_HOME:         C:\dev\tomcat\10.1.30
13-Jan-2025 09:52:07.338 INFO [main] org.apache.catalina.startup.VersionLoggerListener.log Command line argument: --add-opens=java.base/java.lang=ALL-UNNAMED
13-Jan-2025 09:52:07.339 INFO [main] org.apache.catalina.startup.VersionLoggerListener.log Command line argument: --add-opens=java.base/java.io=ALL-UNNAMED
13-Jan-2025 09:52:07.339 INFO [main] org.apache.catalina.startup.VersionLoggerListener.log Command line argument: --add-opens=java.base/java.util=ALL-UNNAMED
13-Jan-2025 09:52:07.339 INFO [main] org.apache.catalina.startup.VersionLoggerListener.log Command line argument: --add-opens=java.base/java.util.concurrent=ALL-UNNAMED
13-Jan-2025 09:52:07.339 INFO [main] org.apache.catalina.startup.VersionLoggerListener.log Command line argument: --add-opens=java.rmi/sun.rmi.transport=ALL-UNNAMED
13-Jan-2025 09:52:07.339 INFO [main] org.apache.catalina.startup.VersionLoggerListener.log Command line argument: -Dcatalina.home=C:\dev\tomcat\10.1.30
13-Jan-2025 09:52:07.339 INFO [main] org.apache.catalina.startup.VersionLoggerListener.log Command line argument: -Dcatalina.base=C:\Users\mau.lopezrodriguez\OneDrive - Travelport\Desktop\project-two
13-Jan-2025 09:52:07.339 INFO [main] org.apache.catalina.startup.VersionLoggerListener.log Command line argument: -Djava.io.tmpdir=C:\Users\mau.lopezrodriguez\OneDrive - Travelport\Desktop\project-two\temp
13-Jan-2025 09:52:07.339 INFO [main] org.apache.catalina.startup.VersionLoggerListener.log Command line argument: -Djava.util.logging.config.file=C:\Users\mau.lopezrodriguez\OneDrive - Travelport\Desktop\project-two\conf\logging.properties
13-Jan-2025 09:52:07.339 INFO [main] org.apache.catalina.startup.VersionLoggerListener.log Command line argument: -Djava.util.logging.manager=org.apache.juli.ClassLoaderLogManager
13-Jan-2025 09:52:07.339 INFO [main] org.apache.catalina.startup.VersionLoggerListener.log Command line argument: -javaagent:C:\Program Files\JetBrains\IntelliJ IDEA Community Edition 2024.2.1\lib\idea_rt.jar=63238:C:\Program Files\JetBrains\IntelliJ IDEA Community Edition 2024.2.1\bin
13-Jan-2025 09:52:07.339 INFO [main] org.apache.catalina.startup.VersionLoggerListener.log Command line argument: -Dfile.encoding=UTF-8
13-Jan-2025 09:52:07.340 INFO [main] org.apache.catalina.startup.VersionLoggerListener.log Command line argument: -Dsun.stdout.encoding=UTF-8
13-Jan-2025 09:52:07.340 INFO [main] org.apache.catalina.startup.VersionLoggerListener.log Command line argument: -Dsun.stderr.encoding=UTF-8
13-Jan-2025 09:52:07.344 INFO [main] org.apache.catalina.core.AprLifecycleListener.lifecycleEvent Loaded Apache Tomcat Native library [2.0.8] using APR version [1.7.4].
13-Jan-2025 09:52:07.349 INFO [main] org.apache.catalina.core.AprLifecycleListener.initializeSSL OpenSSL successfully initialized [OpenSSL 3.0.14 4 Jun 2024]
13-Jan-2025 09:52:07.552 INFO [main] org.apache.coyote.AbstractProtocol.init Initializing ProtocolHandler ["http-nio-8080"]
13-Jan-2025 09:52:07.568 INFO [main] org.apache.catalina.startup.Catalina.load Server initialization in [380] milliseconds
13-Jan-2025 09:52:07.641 INFO [main] org.apache.catalina.core.StandardService.startInternal Starting service [Catalina]
13-Jan-2025 09:52:07.641 INFO [main] org.apache.catalina.core.StandardEngine.startInternal Starting Servlet engine: [Apache Tomcat/10.1.30]
13-Jan-2025 09:52:07.650 INFO [main] org.apache.catalina.startup.HostConfig.deployDescriptor Deploying deployment descriptor [C:\Users\mau.lopezrodriguez\OneDrive - Travelport\Desktop\project-two\conf\Catalina\localhost\project-two.xml]
13-Jan-2025 09:52:12.945 INFO [main] org.apache.jasper.servlet.TldScanner.scanJars At least one JAR was scanned for TLDs yet contained no TLDs. Enable debug logging for this logger for a complete list of JARs that were scanned but no TLDs were found in them. Skipping unneeded JARs during scanning can improve startup time and JSP compilation time.
13-Jan-2025 09:52:13.162 INFO [main] org.apache.catalina.startup.HostConfig.deployDescriptor Deployment of deployment descriptor [C:\Users\mau.lopezrodriguez\OneDrive - Travelport\Desktop\project-two\conf\Catalina\localhost\project-two.xml] has finished in [5,511] ms
13-Jan-2025 09:52:13.168 INFO [main] org.apache.coyote.AbstractProtocol.start Starting ProtocolHandler ["http-nio-8080"]
13-Jan-2025 09:52:13.190 INFO [main] org.apache.catalina.startup.Catalina.start Server startup in [5620] milliseconds
13-Jan-2025 09:52:32.474 INFO [Thread-1] org.apache.coyote.AbstractProtocol.pause Pausing ProtocolHandler ["http-nio-8080"]
13-Jan-2025 09:52:32.479 INFO [Thread-1] org.apache.catalina.core.StandardService.stopInternal Stopping service [Catalina]
13-Jan-2025 09:52:32.494 INFO [Thread-1] org.apache.coyote.AbstractProtocol.stop Stopping ProtocolHandler ["http-nio-8080"]
13-Jan-2025 09:52:32.516 INFO [Thread-1] org.apache.coyote.AbstractProtocol.destroy Destroying ProtocolHandler ["http-nio-8080"]
13-Jan-2025 10:22:17.620 INFO [main] org.apache.catalina.startup.VersionLoggerListener.log Server version name:   Apache Tomcat/10.1.30
13-Jan-2025 10:22:17.623 INFO [main] org.apache.catalina.startup.VersionLoggerListener.log Server built:          Sep 13 2024 20:26:16 UTC
13-Jan-2025 10:22:17.624 INFO [main] org.apache.catalina.startup.VersionLoggerListener.log Server version number: 10.1.30.0
13-Jan-2025 10:22:17.624 INFO [main] org.apache.catalina.startup.VersionLoggerListener.log OS Name:               Windows 10
13-Jan-2025 10:22:17.624 INFO [main] org.apache.catalina.startup.VersionLoggerListener.log OS Version:            10.0
13-Jan-2025 10:22:17.624 INFO [main] org.apache.catalina.startup.VersionLoggerListener.log Architecture:          amd64
13-Jan-2025 10:22:17.624 INFO [main] org.apache.catalina.startup.VersionLoggerListener.log Java Home:             C:\Users\mau.lopezrodriguez\.jdks\corretto-21.0.4
13-Jan-2025 10:22:17.625 INFO [main] org.apache.catalina.startup.VersionLoggerListener.log JVM Version:           21.0.4+7-LTS
13-Jan-2025 10:22:17.625 INFO [main] org.apache.catalina.startup.VersionLoggerListener.log JVM Vendor:            Amazon.com Inc.
13-Jan-2025 10:22:17.625 INFO [main] org.apache.catalina.startup.VersionLoggerListener.log CATALINA_BASE:         C:\Users\mau.lopezrodriguez\OneDrive - Travelport\Desktop\project-two
13-Jan-2025 10:22:17.625 INFO [main] org.apache.catalina.startup.VersionLoggerListener.log CATALINA_HOME:         C:\dev\tomcat\10.1.30
13-Jan-2025 10:22:17.635 INFO [main] org.apache.catalina.startup.VersionLoggerListener.log Command line argument: --add-opens=java.base/java.lang=ALL-UNNAMED
13-Jan-2025 10:22:17.635 INFO [main] org.apache.catalina.startup.VersionLoggerListener.log Command line argument: --add-opens=java.base/java.io=ALL-UNNAMED
13-Jan-2025 10:22:17.635 INFO [main] org.apache.catalina.startup.VersionLoggerListener.log Command line argument: --add-opens=java.base/java.util=ALL-UNNAMED
13-Jan-2025 10:22:17.635 INFO [main] org.apache.catalina.startup.VersionLoggerListener.log Command line argument: --add-opens=java.base/java.util.concurrent=ALL-UNNAMED
13-Jan-2025 10:22:17.635 INFO [main] org.apache.catalina.startup.VersionLoggerListener.log Command line argument: --add-opens=java.rmi/sun.rmi.transport=ALL-UNNAMED
13-Jan-2025 10:22:17.635 INFO [main] org.apache.catalina.startup.VersionLoggerListener.log Command line argument: -Dcatalina.home=C:\dev\tomcat\10.1.30
13-Jan-2025 10:22:17.635 INFO [main] org.apache.catalina.startup.VersionLoggerListener.log Command line argument: -Dcatalina.base=C:\Users\mau.lopezrodriguez\OneDrive - Travelport\Desktop\project-two
13-Jan-2025 10:22:17.635 INFO [main] org.apache.catalina.startup.VersionLoggerListener.log Command line argument: -Djava.io.tmpdir=C:\Users\mau.lopezrodriguez\OneDrive - Travelport\Desktop\project-two\temp
13-Jan-2025 10:22:17.635 INFO [main] org.apache.catalina.startup.VersionLoggerListener.log Command line argument: -Djava.util.logging.config.file=C:\Users\mau.lopezrodriguez\OneDrive - Travelport\Desktop\project-two\conf\logging.properties
13-Jan-2025 10:22:17.635 INFO [main] org.apache.catalina.startup.VersionLoggerListener.log Command line argument: -Djava.util.logging.manager=org.apache.juli.ClassLoaderLogManager
13-Jan-2025 10:22:17.636 INFO [main] org.apache.catalina.startup.VersionLoggerListener.log Command line argument: -javaagent:C:\Program Files\JetBrains\IntelliJ IDEA Community Edition 2024.2.1\lib\idea_rt.jar=63746:C:\Program Files\JetBrains\IntelliJ IDEA Community Edition 2024.2.1\bin
13-Jan-2025 10:22:17.636 INFO [main] org.apache.catalina.startup.VersionLoggerListener.log Command line argument: -Dfile.encoding=UTF-8
13-Jan-2025 10:22:17.636 INFO [main] org.apache.catalina.startup.VersionLoggerListener.log Command line argument: -Dsun.stdout.encoding=UTF-8
13-Jan-2025 10:22:17.636 INFO [main] org.apache.catalina.startup.VersionLoggerListener.log Command line argument: -Dsun.stderr.encoding=UTF-8
13-Jan-2025 10:22:17.640 INFO [main] org.apache.catalina.core.AprLifecycleListener.lifecycleEvent Loaded Apache Tomcat Native library [2.0.8] using APR version [1.7.4].
13-Jan-2025 10:22:17.646 INFO [main] org.apache.catalina.core.AprLifecycleListener.initializeSSL OpenSSL successfully initialized [OpenSSL 3.0.14 4 Jun 2024]
13-Jan-2025 10:22:17.851 INFO [main] org.apache.coyote.AbstractProtocol.init Initializing ProtocolHandler ["http-nio-8080"]
13-Jan-2025 10:22:17.868 INFO [main] org.apache.catalina.startup.Catalina.load Server initialization in [375] milliseconds
13-Jan-2025 10:22:17.920 INFO [main] org.apache.catalina.core.StandardService.startInternal Starting service [Catalina]
13-Jan-2025 10:22:17.920 INFO [main] org.apache.catalina.core.StandardEngine.startInternal Starting Servlet engine: [Apache Tomcat/10.1.30]
13-Jan-2025 10:22:17.930 INFO [main] org.apache.catalina.startup.HostConfig.deployDescriptor Deploying deployment descriptor [C:\Users\mau.lopezrodriguez\OneDrive - Travelport\Desktop\project-two\conf\Catalina\localhost\project-two.xml]
13-Jan-2025 10:22:22.887 INFO [main] org.apache.jasper.servlet.TldScanner.scanJars At least one JAR was scanned for TLDs yet contained no TLDs. Enable debug logging for this logger for a complete list of JARs that were scanned but no TLDs were found in them. Skipping unneeded JARs during scanning can improve startup time and JSP compilation time.
13-Jan-2025 10:22:23.109 INFO [main] org.apache.catalina.startup.HostConfig.deployDescriptor Deployment of deployment descriptor [C:\Users\mau.lopezrodriguez\OneDrive - Travelport\Desktop\project-two\conf\Catalina\localhost\project-two.xml] has finished in [5,178] ms
13-Jan-2025 10:22:23.111 INFO [main] org.apache.coyote.AbstractProtocol.start Starting ProtocolHandler ["http-nio-8080"]
13-Jan-2025 10:22:23.130 INFO [main] org.apache.catalina.startup.Catalina.start Server startup in [5261] milliseconds
13-Jan-2025 10:27:13.475 INFO [Thread-1] org.apache.coyote.AbstractProtocol.pause Pausing ProtocolHandler ["http-nio-8080"]
13-Jan-2025 10:27:13.478 INFO [Thread-1] org.apache.catalina.core.StandardService.stopInternal Stopping service [Catalina]
13-Jan-2025 10:27:13.492 INFO [Thread-1] org.apache.coyote.AbstractProtocol.stop Stopping ProtocolHandler ["http-nio-8080"]
13-Jan-2025 10:27:13.506 INFO [Thread-1] org.apache.coyote.AbstractProtocol.destroy Destroying ProtocolHandler ["http-nio-8080"]
13-Jan-2025 10:55:31.318 INFO [main] org.apache.catalina.startup.VersionLoggerListener.log Server version name:   Apache Tomcat/10.1.30
13-Jan-2025 10:55:31.322 INFO [main] org.apache.catalina.startup.VersionLoggerListener.log Server built:          Sep 13 2024 20:26:16 UTC
13-Jan-2025 10:55:31.322 INFO [main] org.apache.catalina.startup.VersionLoggerListener.log Server version number: 10.1.30.0
13-Jan-2025 10:55:31.322 INFO [main] org.apache.catalina.startup.VersionLoggerListener.log OS Name:               Windows 10
13-Jan-2025 10:55:31.322 INFO [main] org.apache.catalina.startup.VersionLoggerListener.log OS Version:            10.0
13-Jan-2025 10:55:31.322 INFO [main] org.apache.catalina.startup.VersionLoggerListener.log Architecture:          amd64
13-Jan-2025 10:55:31.322 INFO [main] org.apache.catalina.startup.VersionLoggerListener.log Java Home:             C:\Users\mau.lopezrodriguez\.jdks\corretto-21.0.4
13-Jan-2025 10:55:31.323 INFO [main] org.apache.catalina.startup.VersionLoggerListener.log JVM Version:           21.0.4+7-LTS
13-Jan-2025 10:55:31.323 INFO [main] org.apache.catalina.startup.VersionLoggerListener.log JVM Vendor:            Amazon.com Inc.
13-Jan-2025 10:55:31.323 INFO [main] org.apache.catalina.startup.VersionLoggerListener.log CATALINA_BASE:         C:\Users\mau.lopezrodriguez\OneDrive - Travelport\Desktop\project-two
13-Jan-2025 10:55:31.323 INFO [main] org.apache.catalina.startup.VersionLoggerListener.log CATALINA_HOME:         C:\dev\tomcat\10.1.30
13-Jan-2025 10:55:31.333 INFO [main] org.apache.catalina.startup.VersionLoggerListener.log Command line argument: --add-opens=java.base/java.lang=ALL-UNNAMED
13-Jan-2025 10:55:31.333 INFO [main] org.apache.catalina.startup.VersionLoggerListener.log Command line argument: --add-opens=java.base/java.io=ALL-UNNAMED
13-Jan-2025 10:55:31.333 INFO [main] org.apache.catalina.startup.VersionLoggerListener.log Command line argument: --add-opens=java.base/java.util=ALL-UNNAMED
13-Jan-2025 10:55:31.333 INFO [main] org.apache.catalina.startup.VersionLoggerListener.log Command line argument: --add-opens=java.base/java.util.concurrent=ALL-UNNAMED
13-Jan-2025 10:55:31.334 INFO [main] org.apache.catalina.startup.VersionLoggerListener.log Command line argument: --add-opens=java.rmi/sun.rmi.transport=ALL-UNNAMED
13-Jan-2025 10:55:31.334 INFO [main] org.apache.catalina.startup.VersionLoggerListener.log Command line argument: -Dcatalina.home=C:\dev\tomcat\10.1.30
13-Jan-2025 10:55:31.334 INFO [main] org.apache.catalina.startup.VersionLoggerListener.log Command line argument: -Dcatalina.base=C:\Users\mau.lopezrodriguez\OneDrive - Travelport\Desktop\project-two
13-Jan-2025 10:55:31.334 INFO [main] org.apache.catalina.startup.VersionLoggerListener.log Command line argument: -Djava.io.tmpdir=C:\Users\mau.lopezrodriguez\OneDrive - Travelport\Desktop\project-two\temp
13-Jan-2025 10:55:31.334 INFO [main] org.apache.catalina.startup.VersionLoggerListener.log Command line argument: -Djava.util.logging.config.file=C:\Users\mau.lopezrodriguez\OneDrive - Travelport\Desktop\project-two\conf\logging.properties
13-Jan-2025 10:55:31.334 INFO [main] org.apache.catalina.startup.VersionLoggerListener.log Command line argument: -Djava.util.logging.manager=org.apache.juli.ClassLoaderLogManager
13-Jan-2025 10:55:31.334 INFO [main] org.apache.catalina.startup.VersionLoggerListener.log Command line argument: -javaagent:C:\Program Files\JetBrains\IntelliJ IDEA Community Edition 2024.2.1\lib\idea_rt.jar=64433:C:\Program Files\JetBrains\IntelliJ IDEA Community Edition 2024.2.1\bin
13-Jan-2025 10:55:31.334 INFO [main] org.apache.catalina.startup.VersionLoggerListener.log Command line argument: -Dfile.encoding=UTF-8
13-Jan-2025 10:55:31.334 INFO [main] org.apache.catalina.startup.VersionLoggerListener.log Command line argument: -Dsun.stdout.encoding=UTF-8
13-Jan-2025 10:55:31.334 INFO [main] org.apache.catalina.startup.VersionLoggerListener.log Command line argument: -Dsun.stderr.encoding=UTF-8
13-Jan-2025 10:55:31.338 INFO [main] org.apache.catalina.core.AprLifecycleListener.lifecycleEvent Loaded Apache Tomcat Native library [2.0.8] using APR version [1.7.4].
13-Jan-2025 10:55:31.344 INFO [main] org.apache.catalina.core.AprLifecycleListener.initializeSSL OpenSSL successfully initialized [OpenSSL 3.0.14 4 Jun 2024]
13-Jan-2025 10:55:31.527 INFO [main] org.apache.coyote.AbstractProtocol.init Initializing ProtocolHandler ["http-nio-8080"]
13-Jan-2025 10:55:31.542 INFO [main] org.apache.catalina.startup.Catalina.load Server initialization in [348] milliseconds
13-Jan-2025 10:55:31.611 INFO [main] org.apache.catalina.core.StandardService.startInternal Starting service [Catalina]
13-Jan-2025 10:55:31.611 INFO [main] org.apache.catalina.core.StandardEngine.startInternal Starting Servlet engine: [Apache Tomcat/10.1.30]
13-Jan-2025 10:55:31.623 INFO [main] org.apache.catalina.startup.HostConfig.deployDescriptor Deploying deployment descriptor [C:\Users\mau.lopezrodriguez\OneDrive - Travelport\Desktop\project-two\conf\Catalina\localhost\project-two.xml]
13-Jan-2025 10:55:36.665 INFO [main] org.apache.jasper.servlet.TldScanner.scanJars At least one JAR was scanned for TLDs yet contained no TLDs. Enable debug logging for this logger for a complete list of JARs that were scanned but no TLDs were found in them. Skipping unneeded JARs during scanning can improve startup time and JSP compilation time.
13-Jan-2025 10:55:36.873 INFO [main] org.apache.catalina.startup.HostConfig.deployDescriptor Deployment of deployment descriptor [C:\Users\mau.lopezrodriguez\OneDrive - Travelport\Desktop\project-two\conf\Catalina\localhost\project-two.xml] has finished in [5,249] ms
13-Jan-2025 10:55:36.877 INFO [main] org.apache.coyote.AbstractProtocol.start Starting ProtocolHandler ["http-nio-8080"]
13-Jan-2025 10:55:36.897 INFO [main] org.apache.catalina.startup.Catalina.start Server startup in [5353] milliseconds
13-Jan-2025 10:55:40.149 INFO [Thread-1] org.apache.coyote.AbstractProtocol.pause Pausing ProtocolHandler ["http-nio-8080"]
13-Jan-2025 10:55:40.155 INFO [Thread-1] org.apache.catalina.core.StandardService.stopInternal Stopping service [Catalina]
13-Jan-2025 10:55:40.168 INFO [Thread-1] org.apache.coyote.AbstractProtocol.stop Stopping ProtocolHandler ["http-nio-8080"]
13-Jan-2025 10:55:40.180 INFO [Thread-1] org.apache.coyote.AbstractProtocol.destroy Destroying ProtocolHandler ["http-nio-8080"]
13-Jan-2025 12:14:31.128 INFO [main] org.apache.catalina.startup.VersionLoggerListener.log Server version name:   Apache Tomcat/10.1.30
13-Jan-2025 12:14:31.132 INFO [main] org.apache.catalina.startup.VersionLoggerListener.log Server built:          Sep 13 2024 20:26:16 UTC
13-Jan-2025 12:14:31.132 INFO [main] org.apache.catalina.startup.VersionLoggerListener.log Server version number: 10.1.30.0
13-Jan-2025 12:14:31.132 INFO [main] org.apache.catalina.startup.VersionLoggerListener.log OS Name:               Windows 10
13-Jan-2025 12:14:31.132 INFO [main] org.apache.catalina.startup.VersionLoggerListener.log OS Version:            10.0
13-Jan-2025 12:14:31.132 INFO [main] org.apache.catalina.startup.VersionLoggerListener.log Architecture:          amd64
13-Jan-2025 12:14:31.132 INFO [main] org.apache.catalina.startup.VersionLoggerListener.log Java Home:             C:\Users\mau.lopezrodriguez\.jdks\corretto-21.0.4
13-Jan-2025 12:14:31.132 INFO [main] org.apache.catalina.startup.VersionLoggerListener.log JVM Version:           21.0.4+7-LTS
13-Jan-2025 12:14:31.132 INFO [main] org.apache.catalina.startup.VersionLoggerListener.log JVM Vendor:            Amazon.com Inc.
13-Jan-2025 12:14:31.132 INFO [main] org.apache.catalina.startup.VersionLoggerListener.log CATALINA_BASE:         C:\Users\mau.lopezrodriguez\OneDrive - Travelport\Desktop\project-two
13-Jan-2025 12:14:31.132 INFO [main] org.apache.catalina.startup.VersionLoggerListener.log CATALINA_HOME:         C:\dev\tomcat\10.1.30
13-Jan-2025 12:14:31.143 INFO [main] org.apache.catalina.startup.VersionLoggerListener.log Command line argument: --add-opens=java.base/java.lang=ALL-UNNAMED
13-Jan-2025 12:14:31.143 INFO [main] org.apache.catalina.startup.VersionLoggerListener.log Command line argument: --add-opens=java.base/java.io=ALL-UNNAMED
13-Jan-2025 12:14:31.143 INFO [main] org.apache.catalina.startup.VersionLoggerListener.log Command line argument: --add-opens=java.base/java.util=ALL-UNNAMED
13-Jan-2025 12:14:31.143 INFO [main] org.apache.catalina.startup.VersionLoggerListener.log Command line argument: --add-opens=java.base/java.util.concurrent=ALL-UNNAMED
13-Jan-2025 12:14:31.143 INFO [main] org.apache.catalina.startup.VersionLoggerListener.log Command line argument: --add-opens=java.rmi/sun.rmi.transport=ALL-UNNAMED
13-Jan-2025 12:14:31.143 INFO [main] org.apache.catalina.startup.VersionLoggerListener.log Command line argument: -Dcatalina.home=C:\dev\tomcat\10.1.30
13-Jan-2025 12:14:31.143 INFO [main] org.apache.catalina.startup.VersionLoggerListener.log Command line argument: -Dcatalina.base=C:\Users\mau.lopezrodriguez\OneDrive - Travelport\Desktop\project-two
13-Jan-2025 12:14:31.144 INFO [main] org.apache.catalina.startup.VersionLoggerListener.log Command line argument: -Djava.io.tmpdir=C:\Users\mau.lopezrodriguez\OneDrive - Travelport\Desktop\project-two\temp
13-Jan-2025 12:14:31.144 INFO [main] org.apache.catalina.startup.VersionLoggerListener.log Command line argument: -Djava.util.logging.config.file=C:\Users\mau.lopezrodriguez\OneDrive - Travelport\Desktop\project-two\conf\logging.properties
13-Jan-2025 12:14:31.144 INFO [main] org.apache.catalina.startup.VersionLoggerListener.log Command line argument: -Djava.util.logging.manager=org.apache.juli.ClassLoaderLogManager
13-Jan-2025 12:14:31.144 INFO [main] org.apache.catalina.startup.VersionLoggerListener.log Command line argument: -javaagent:C:\Program Files\JetBrains\IntelliJ IDEA Community Edition 2024.2.1\lib\idea_rt.jar=49949:C:\Program Files\JetBrains\IntelliJ IDEA Community Edition 2024.2.1\bin
13-Jan-2025 12:14:31.144 INFO [main] org.apache.catalina.startup.VersionLoggerListener.log Command line argument: -Dfile.encoding=UTF-8
13-Jan-2025 12:14:31.144 INFO [main] org.apache.catalina.startup.VersionLoggerListener.log Command line argument: -Dsun.stdout.encoding=UTF-8
13-Jan-2025 12:14:31.144 INFO [main] org.apache.catalina.startup.VersionLoggerListener.log Command line argument: -Dsun.stderr.encoding=UTF-8
13-Jan-2025 12:14:31.148 INFO [main] org.apache.catalina.core.AprLifecycleListener.lifecycleEvent Loaded Apache Tomcat Native library [2.0.8] using APR version [1.7.4].
13-Jan-2025 12:14:31.154 INFO [main] org.apache.catalina.core.AprLifecycleListener.initializeSSL OpenSSL successfully initialized [OpenSSL 3.0.14 4 Jun 2024]
13-Jan-2025 12:14:31.362 INFO [main] org.apache.coyote.AbstractProtocol.init Initializing ProtocolHandler ["http-nio-8080"]
13-Jan-2025 12:14:31.380 INFO [main] org.apache.catalina.startup.Catalina.load Server initialization in [389] milliseconds
13-Jan-2025 12:14:31.431 INFO [main] org.apache.catalina.core.StandardService.startInternal Starting service [Catalina]
13-Jan-2025 12:14:31.431 INFO [main] org.apache.catalina.core.StandardEngine.startInternal Starting Servlet engine: [Apache Tomcat/10.1.30]
13-Jan-2025 12:14:31.440 INFO [main] org.apache.catalina.startup.HostConfig.deployDescriptor Deploying deployment descriptor [C:\Users\mau.lopezrodriguez\OneDrive - Travelport\Desktop\project-two\conf\Catalina\localhost\project-two.xml]
13-Jan-2025 12:14:36.665 INFO [main] org.apache.jasper.servlet.TldScanner.scanJars At least one JAR was scanned for TLDs yet contained no TLDs. Enable debug logging for this logger for a complete list of JARs that were scanned but no TLDs were found in them. Skipping unneeded JARs during scanning can improve startup time and JSP compilation time.
13-Jan-2025 12:14:36.880 INFO [main] org.apache.catalina.startup.HostConfig.deployDescriptor Deployment of deployment descriptor [C:\Users\mau.lopezrodriguez\OneDrive - Travelport\Desktop\project-two\conf\Catalina\localhost\project-two.xml] has finished in [5,440] ms
13-Jan-2025 12:14:36.884 INFO [main] org.apache.coyote.AbstractProtocol.start Starting ProtocolHandler ["http-nio-8080"]
13-Jan-2025 12:14:36.904 INFO [main] org.apache.catalina.startup.Catalina.start Server startup in [5523] milliseconds
13-Jan-2025 12:14:49.354 INFO [Thread-1] org.apache.coyote.AbstractProtocol.pause Pausing ProtocolHandler ["http-nio-8080"]
13-Jan-2025 12:14:49.360 INFO [Thread-1] org.apache.catalina.core.StandardService.stopInternal Stopping service [Catalina]
13-Jan-2025 12:14:49.374 INFO [Thread-1] org.apache.coyote.AbstractProtocol.stop Stopping ProtocolHandler ["http-nio-8080"]
13-Jan-2025 12:14:49.398 INFO [Thread-1] org.apache.coyote.AbstractProtocol.destroy Destroying ProtocolHandler ["http-nio-8080"]
13-Jan-2025 12:21:41.543 INFO [main] org.apache.catalina.startup.VersionLoggerListener.log Server version name:   Apache Tomcat/10.1.30
13-Jan-2025 12:21:41.547 INFO [main] org.apache.catalina.startup.VersionLoggerListener.log Server built:          Sep 13 2024 20:26:16 UTC
13-Jan-2025 12:21:41.547 INFO [main] org.apache.catalina.startup.VersionLoggerListener.log Server version number: 10.1.30.0
13-Jan-2025 12:21:41.547 INFO [main] org.apache.catalina.startup.VersionLoggerListener.log OS Name:               Windows 10
13-Jan-2025 12:21:41.547 INFO [main] org.apache.catalina.startup.VersionLoggerListener.log OS Version:            10.0
13-Jan-2025 12:21:41.547 INFO [main] org.apache.catalina.startup.VersionLoggerListener.log Architecture:          amd64
13-Jan-2025 12:21:41.547 INFO [main] org.apache.catalina.startup.VersionLoggerListener.log Java Home:             C:\Users\mau.lopezrodriguez\.jdks\corretto-21.0.4
13-Jan-2025 12:21:41.547 INFO [main] org.apache.catalina.startup.VersionLoggerListener.log JVM Version:           21.0.4+7-LTS
13-Jan-2025 12:21:41.547 INFO [main] org.apache.catalina.startup.VersionLoggerListener.log JVM Vendor:            Amazon.com Inc.
13-Jan-2025 12:21:41.548 INFO [main] org.apache.catalina.startup.VersionLoggerListener.log CATALINA_BASE:         C:\Users\mau.lopezrodriguez\OneDrive - Travelport\Desktop\project-two
13-Jan-2025 12:21:41.548 INFO [main] org.apache.catalina.startup.VersionLoggerListener.log CATALINA_HOME:         C:\dev\tomcat\10.1.30
13-Jan-2025 12:21:41.558 INFO [main] org.apache.catalina.startup.VersionLoggerListener.log Command line argument: --add-opens=java.base/java.lang=ALL-UNNAMED
13-Jan-2025 12:21:41.558 INFO [main] org.apache.catalina.startup.VersionLoggerListener.log Command line argument: --add-opens=java.base/java.io=ALL-UNNAMED
13-Jan-2025 12:21:41.559 INFO [main] org.apache.catalina.startup.VersionLoggerListener.log Command line argument: --add-opens=java.base/java.util=ALL-UNNAMED
13-Jan-2025 12:21:41.559 INFO [main] org.apache.catalina.startup.VersionLoggerListener.log Command line argument: --add-opens=java.base/java.util.concurrent=ALL-UNNAMED
13-Jan-2025 12:21:41.559 INFO [main] org.apache.catalina.startup.VersionLoggerListener.log Command line argument: --add-opens=java.rmi/sun.rmi.transport=ALL-UNNAMED
13-Jan-2025 12:21:41.559 INFO [main] org.apache.catalina.startup.VersionLoggerListener.log Command line argument: -Dcatalina.home=C:\dev\tomcat\10.1.30
13-Jan-2025 12:21:41.559 INFO [main] org.apache.catalina.startup.VersionLoggerListener.log Command line argument: -Dcatalina.base=C:\Users\mau.lopezrodriguez\OneDrive - Travelport\Desktop\project-two
13-Jan-2025 12:21:41.559 INFO [main] org.apache.catalina.startup.VersionLoggerListener.log Command line argument: -Djava.io.tmpdir=C:\Users\mau.lopezrodriguez\OneDrive - Travelport\Desktop\project-two\temp
13-Jan-2025 12:21:41.559 INFO [main] org.apache.catalina.startup.VersionLoggerListener.log Command line argument: -Djava.util.logging.config.file=C:\Users\mau.lopezrodriguez\OneDrive - Travelport\Desktop\project-two\conf\logging.properties
13-Jan-2025 12:21:41.559 INFO [main] org.apache.catalina.startup.VersionLoggerListener.log Command line argument: -Djava.util.logging.manager=org.apache.juli.ClassLoaderLogManager
13-Jan-2025 12:21:41.560 INFO [main] org.apache.catalina.startup.VersionLoggerListener.log Command line argument: -javaagent:C:\Program Files\JetBrains\IntelliJ IDEA Community Edition 2024.2.1\lib\idea_rt.jar=50219:C:\Program Files\JetBrains\IntelliJ IDEA Community Edition 2024.2.1\bin
13-Jan-2025 12:21:41.560 INFO [main] org.apache.catalina.startup.VersionLoggerListener.log Command line argument: -Dfile.encoding=UTF-8
13-Jan-2025 12:21:41.560 INFO [main] org.apache.catalina.startup.VersionLoggerListener.log Command line argument: -Dsun.stdout.encoding=UTF-8
13-Jan-2025 12:21:41.560 INFO [main] org.apache.catalina.startup.VersionLoggerListener.log Command line argument: -Dsun.stderr.encoding=UTF-8
13-Jan-2025 12:21:41.564 INFO [main] org.apache.catalina.core.AprLifecycleListener.lifecycleEvent Loaded Apache Tomcat Native library [2.0.8] using APR version [1.7.4].
13-Jan-2025 12:21:41.570 INFO [main] org.apache.catalina.core.AprLifecycleListener.initializeSSL OpenSSL successfully initialized [OpenSSL 3.0.14 4 Jun 2024]
13-Jan-2025 12:21:41.773 INFO [main] org.apache.coyote.AbstractProtocol.init Initializing ProtocolHandler ["http-nio-8080"]
13-Jan-2025 12:21:41.788 INFO [main] org.apache.catalina.startup.Catalina.load Server initialization in [372] milliseconds
13-Jan-2025 12:21:41.831 INFO [main] org.apache.catalina.core.StandardService.startInternal Starting service [Catalina]
13-Jan-2025 12:21:41.831 INFO [main] org.apache.catalina.core.StandardEngine.startInternal Starting Servlet engine: [Apache Tomcat/10.1.30]
13-Jan-2025 12:21:41.841 INFO [main] org.apache.catalina.startup.HostConfig.deployDescriptor Deploying deployment descriptor [C:\Users\mau.lopezrodriguez\OneDrive - Travelport\Desktop\project-two\conf\Catalina\localhost\project-two.xml]
13-Jan-2025 12:21:46.823 INFO [main] org.apache.jasper.servlet.TldScanner.scanJars At least one JAR was scanned for TLDs yet contained no TLDs. Enable debug logging for this logger for a complete list of JARs that were scanned but no TLDs were found in them. Skipping unneeded JARs during scanning can improve startup time and JSP compilation time.
13-Jan-2025 12:21:47.029 INFO [main] org.apache.catalina.startup.HostConfig.deployDescriptor Deployment of deployment descriptor [C:\Users\mau.lopezrodriguez\OneDrive - Travelport\Desktop\project-two\conf\Catalina\localhost\project-two.xml] has finished in [5,188] ms
13-Jan-2025 12:21:47.032 INFO [main] org.apache.coyote.AbstractProtocol.start Starting ProtocolHandler ["http-nio-8080"]
13-Jan-2025 12:21:47.052 INFO [main] org.apache.catalina.startup.Catalina.start Server startup in [5263] milliseconds
13-Jan-2025 12:23:55.801 INFO [Thread-1] org.apache.coyote.AbstractProtocol.pause Pausing ProtocolHandler ["http-nio-8080"]
13-Jan-2025 12:23:55.806 INFO [Thread-1] org.apache.catalina.core.StandardService.stopInternal Stopping service [Catalina]
13-Jan-2025 12:23:55.821 INFO [Thread-1] org.apache.coyote.AbstractProtocol.stop Stopping ProtocolHandler ["http-nio-8080"]
13-Jan-2025 12:23:55.834 INFO [Thread-1] org.apache.coyote.AbstractProtocol.destroy Destroying ProtocolHandler ["http-nio-8080"]
13-Jan-2025 12:44:53.061 INFO [main] org.apache.catalina.startup.VersionLoggerListener.log Server version name:   Apache Tomcat/10.1.30
13-Jan-2025 12:44:53.064 INFO [main] org.apache.catalina.startup.VersionLoggerListener.log Server built:          Sep 13 2024 20:26:16 UTC
13-Jan-2025 12:44:53.064 INFO [main] org.apache.catalina.startup.VersionLoggerListener.log Server version number: 10.1.30.0
13-Jan-2025 12:44:53.064 INFO [main] org.apache.catalina.startup.VersionLoggerListener.log OS Name:               Windows 10
13-Jan-2025 12:44:53.064 INFO [main] org.apache.catalina.startup.VersionLoggerListener.log OS Version:            10.0
13-Jan-2025 12:44:53.064 INFO [main] org.apache.catalina.startup.VersionLoggerListener.log Architecture:          amd64
13-Jan-2025 12:44:53.064 INFO [main] org.apache.catalina.startup.VersionLoggerListener.log Java Home:             C:\Users\mau.lopezrodriguez\.jdks\corretto-21.0.4
13-Jan-2025 12:44:53.065 INFO [main] org.apache.catalina.startup.VersionLoggerListener.log JVM Version:           21.0.4+7-LTS
13-Jan-2025 12:44:53.065 INFO [main] org.apache.catalina.startup.VersionLoggerListener.log JVM Vendor:            Amazon.com Inc.
13-Jan-2025 12:44:53.065 INFO [main] org.apache.catalina.startup.VersionLoggerListener.log CATALINA_BASE:         C:\Users\mau.lopezrodriguez\OneDrive - Travelport\Desktop\project-two
13-Jan-2025 12:44:53.065 INFO [main] org.apache.catalina.startup.VersionLoggerListener.log CATALINA_HOME:         C:\dev\tomcat\10.1.30
13-Jan-2025 12:44:53.075 INFO [main] org.apache.catalina.startup.VersionLoggerListener.log Command line argument: --add-opens=java.base/java.lang=ALL-UNNAMED
13-Jan-2025 12:44:53.075 INFO [main] org.apache.catalina.startup.VersionLoggerListener.log Command line argument: --add-opens=java.base/java.io=ALL-UNNAMED
13-Jan-2025 12:44:53.075 INFO [main] org.apache.catalina.startup.VersionLoggerListener.log Command line argument: --add-opens=java.base/java.util=ALL-UNNAMED
13-Jan-2025 12:44:53.075 INFO [main] org.apache.catalina.startup.VersionLoggerListener.log Command line argument: --add-opens=java.base/java.util.concurrent=ALL-UNNAMED
13-Jan-2025 12:44:53.075 INFO [main] org.apache.catalina.startup.VersionLoggerListener.log Command line argument: --add-opens=java.rmi/sun.rmi.transport=ALL-UNNAMED
13-Jan-2025 12:44:53.075 INFO [main] org.apache.catalina.startup.VersionLoggerListener.log Command line argument: -Dcatalina.home=C:\dev\tomcat\10.1.30
13-Jan-2025 12:44:53.075 INFO [main] org.apache.catalina.startup.VersionLoggerListener.log Command line argument: -Dcatalina.base=C:\Users\mau.lopezrodriguez\OneDrive - Travelport\Desktop\project-two
13-Jan-2025 12:44:53.075 INFO [main] org.apache.catalina.startup.VersionLoggerListener.log Command line argument: -Djava.io.tmpdir=C:\Users\mau.lopezrodriguez\OneDrive - Travelport\Desktop\project-two\temp
13-Jan-2025 12:44:53.076 INFO [main] org.apache.catalina.startup.VersionLoggerListener.log Command line argument: -Djava.util.logging.config.file=C:\Users\mau.lopezrodriguez\OneDrive - Travelport\Desktop\project-two\conf\logging.properties
13-Jan-2025 12:44:53.076 INFO [main] org.apache.catalina.startup.VersionLoggerListener.log Command line argument: -Djava.util.logging.manager=org.apache.juli.ClassLoaderLogManager
13-Jan-2025 12:44:53.076 INFO [main] org.apache.catalina.startup.VersionLoggerListener.log Command line argument: -javaagent:C:\Program Files\JetBrains\IntelliJ IDEA Community Edition 2024.2.1\lib\idea_rt.jar=50791:C:\Program Files\JetBrains\IntelliJ IDEA Community Edition 2024.2.1\bin
13-Jan-2025 12:44:53.076 INFO [main] org.apache.catalina.startup.VersionLoggerListener.log Command line argument: -Dfile.encoding=UTF-8
13-Jan-2025 12:44:53.076 INFO [main] org.apache.catalina.startup.VersionLoggerListener.log Command line argument: -Dsun.stdout.encoding=UTF-8
13-Jan-2025 12:44:53.077 INFO [main] org.apache.catalina.startup.VersionLoggerListener.log Command line argument: -Dsun.stderr.encoding=UTF-8
13-Jan-2025 12:44:53.080 INFO [main] org.apache.catalina.core.AprLifecycleListener.lifecycleEvent Loaded Apache Tomcat Native library [2.0.8] using APR version [1.7.4].
13-Jan-2025 12:44:53.086 INFO [main] org.apache.catalina.core.AprLifecycleListener.initializeSSL OpenSSL successfully initialized [OpenSSL 3.0.14 4 Jun 2024]
13-Jan-2025 12:44:53.287 INFO [main] org.apache.coyote.AbstractProtocol.init Initializing ProtocolHandler ["http-nio-8080"]
13-Jan-2025 12:44:53.304 INFO [main] org.apache.catalina.startup.Catalina.load Server initialization in [372] milliseconds
13-Jan-2025 12:44:53.376 INFO [main] org.apache.catalina.core.StandardService.startInternal Starting service [Catalina]
13-Jan-2025 12:44:53.376 INFO [main] org.apache.catalina.core.StandardEngine.startInternal Starting Servlet engine: [Apache Tomcat/10.1.30]
13-Jan-2025 12:44:53.390 INFO [main] org.apache.catalina.startup.HostConfig.deployDescriptor Deploying deployment descriptor [C:\Users\mau.lopezrodriguez\OneDrive - Travelport\Desktop\project-two\conf\Catalina\localhost\project-two.xml]
13-Jan-2025 12:44:58.580 INFO [main] org.apache.jasper.servlet.TldScanner.scanJars At least one JAR was scanned for TLDs yet contained no TLDs. Enable debug logging for this logger for a complete list of JARs that were scanned but no TLDs were found in them. Skipping unneeded JARs during scanning can improve startup time and JSP compilation time.
13-Jan-2025 12:44:58.804 INFO [main] org.apache.catalina.startup.HostConfig.deployDescriptor Deployment of deployment descriptor [C:\Users\mau.lopezrodriguez\OneDrive - Travelport\Desktop\project-two\conf\Catalina\localhost\project-two.xml] has finished in [5,413] ms
13-Jan-2025 12:44:58.808 INFO [main] org.apache.coyote.AbstractProtocol.start Starting ProtocolHandler ["http-nio-8080"]
13-Jan-2025 12:44:58.829 INFO [main] org.apache.catalina.startup.Catalina.start Server startup in [5524] milliseconds
13-Jan-2025 12:49:36.201 INFO [Thread-1] org.apache.coyote.AbstractProtocol.pause Pausing ProtocolHandler ["http-nio-8080"]
13-Jan-2025 12:49:36.205 INFO [Thread-1] org.apache.catalina.core.StandardService.stopInternal Stopping service [Catalina]
13-Jan-2025 12:49:36.219 INFO [Thread-1] org.apache.coyote.AbstractProtocol.stop Stopping ProtocolHandler ["http-nio-8080"]
13-Jan-2025 12:49:36.237 INFO [Thread-1] org.apache.coyote.AbstractProtocol.destroy Destroying ProtocolHandler ["http-nio-8080"]
13-Jan-2025 16:09:47.286 INFO [main] org.apache.catalina.startup.VersionLoggerListener.log Server version name:   Apache Tomcat/10.1.30
13-Jan-2025 16:09:47.290 INFO [main] org.apache.catalina.startup.VersionLoggerListener.log Server built:          Sep 13 2024 20:26:16 UTC
13-Jan-2025 16:09:47.290 INFO [main] org.apache.catalina.startup.VersionLoggerListener.log Server version number: 10.1.30.0
13-Jan-2025 16:09:47.291 INFO [main] org.apache.catalina.startup.VersionLoggerListener.log OS Name:               Windows 10
13-Jan-2025 16:09:47.291 INFO [main] org.apache.catalina.startup.VersionLoggerListener.log OS Version:            10.0
13-Jan-2025 16:09:47.291 INFO [main] org.apache.catalina.startup.VersionLoggerListener.log Architecture:          amd64
13-Jan-2025 16:09:47.292 INFO [main] org.apache.catalina.startup.VersionLoggerListener.log Java Home:             C:\Users\mau.lopezrodriguez\.jdks\corretto-21.0.4
13-Jan-2025 16:09:47.292 INFO [main] org.apache.catalina.startup.VersionLoggerListener.log JVM Version:           21.0.4+7-LTS
13-Jan-2025 16:09:47.292 INFO [main] org.apache.catalina.startup.VersionLoggerListener.log JVM Vendor:            Amazon.com Inc.
13-Jan-2025 16:09:47.292 INFO [main] org.apache.catalina.startup.VersionLoggerListener.log CATALINA_BASE:         C:\Users\mau.lopezrodriguez\OneDrive - Travelport\Desktop\project-two
13-Jan-2025 16:09:47.293 INFO [main] org.apache.catalina.startup.VersionLoggerListener.log CATALINA_HOME:         C:\dev\tomcat\10.1.30
13-Jan-2025 16:09:47.303 INFO [main] org.apache.catalina.startup.VersionLoggerListener.log Command line argument: --add-opens=java.base/java.lang=ALL-UNNAMED
13-Jan-2025 16:09:47.303 INFO [main] org.apache.catalina.startup.VersionLoggerListener.log Command line argument: --add-opens=java.base/java.io=ALL-UNNAMED
13-Jan-2025 16:09:47.303 INFO [main] org.apache.catalina.startup.VersionLoggerListener.log Command line argument: --add-opens=java.base/java.util=ALL-UNNAMED
13-Jan-2025 16:09:47.303 INFO [main] org.apache.catalina.startup.VersionLoggerListener.log Command line argument: --add-opens=java.base/java.util.concurrent=ALL-UNNAMED
13-Jan-2025 16:09:47.303 INFO [main] org.apache.catalina.startup.VersionLoggerListener.log Command line argument: --add-opens=java.rmi/sun.rmi.transport=ALL-UNNAMED
13-Jan-2025 16:09:47.303 INFO [main] org.apache.catalina.startup.VersionLoggerListener.log Command line argument: -Dcatalina.home=C:\dev\tomcat\10.1.30
13-Jan-2025 16:09:47.303 INFO [main] org.apache.catalina.startup.VersionLoggerListener.log Command line argument: -Dcatalina.base=C:\Users\mau.lopezrodriguez\OneDrive - Travelport\Desktop\project-two
13-Jan-2025 16:09:47.303 INFO [main] org.apache.catalina.startup.VersionLoggerListener.log Command line argument: -Djava.io.tmpdir=C:\Users\mau.lopezrodriguez\OneDrive - Travelport\Desktop\project-two\temp
13-Jan-2025 16:09:47.303 INFO [main] org.apache.catalina.startup.VersionLoggerListener.log Command line argument: -Djava.util.logging.config.file=C:\Users\mau.lopezrodriguez\OneDrive - Travelport\Desktop\project-two\conf\logging.properties
13-Jan-2025 16:09:47.303 INFO [main] org.apache.catalina.startup.VersionLoggerListener.log Command line argument: -Djava.util.logging.manager=org.apache.juli.ClassLoaderLogManager
13-Jan-2025 16:09:47.303 INFO [main] org.apache.catalina.startup.VersionLoggerListener.log Command line argument: -javaagent:C:\Program Files\JetBrains\IntelliJ IDEA Community Edition 2024.2.1\lib\idea_rt.jar=56453:C:\Program Files\JetBrains\IntelliJ IDEA Community Edition 2024.2.1\bin
13-Jan-2025 16:09:47.304 INFO [main] org.apache.catalina.startup.VersionLoggerListener.log Command line argument: -Dfile.encoding=UTF-8
13-Jan-2025 16:09:47.304 INFO [main] org.apache.catalina.startup.VersionLoggerListener.log Command line argument: -Dsun.stdout.encoding=UTF-8
13-Jan-2025 16:09:47.304 INFO [main] org.apache.catalina.startup.VersionLoggerListener.log Command line argument: -Dsun.stderr.encoding=UTF-8
13-Jan-2025 16:09:47.309 INFO [main] org.apache.catalina.core.AprLifecycleListener.lifecycleEvent Loaded Apache Tomcat Native library [2.0.8] using APR version [1.7.4].
13-Jan-2025 16:09:47.315 INFO [main] org.apache.catalina.core.AprLifecycleListener.initializeSSL OpenSSL successfully initialized [OpenSSL 3.0.14 4 Jun 2024]
13-Jan-2025 16:09:47.566 INFO [main] org.apache.coyote.AbstractProtocol.init Initializing ProtocolHandler ["http-nio-8080"]
13-Jan-2025 16:09:47.584 INFO [main] org.apache.catalina.startup.Catalina.load Server initialization in [455] milliseconds
13-Jan-2025 16:09:47.656 INFO [main] org.apache.catalina.core.StandardService.startInternal Starting service [Catalina]
13-Jan-2025 16:09:47.657 INFO [main] org.apache.catalina.core.StandardEngine.startInternal Starting Servlet engine: [Apache Tomcat/10.1.30]
13-Jan-2025 16:09:47.669 INFO [main] org.apache.catalina.startup.HostConfig.deployDescriptor Deploying deployment descriptor [C:\Users\mau.lopezrodriguez\OneDrive - Travelport\Desktop\project-two\conf\Catalina\localhost\project-two.xml]
13-Jan-2025 16:09:53.755 INFO [main] org.apache.jasper.servlet.TldScanner.scanJars At least one JAR was scanned for TLDs yet contained no TLDs. Enable debug logging for this logger for a complete list of JARs that were scanned but no TLDs were found in them. Skipping unneeded JARs during scanning can improve startup time and JSP compilation time.
13-Jan-2025 16:09:54.034 INFO [main] org.apache.catalina.startup.HostConfig.deployDescriptor Deployment of deployment descriptor [C:\Users\mau.lopezrodriguez\OneDrive - Travelport\Desktop\project-two\conf\Catalina\localhost\project-two.xml] has finished in [6,364] ms
13-Jan-2025 16:09:54.037 INFO [main] org.apache.coyote.AbstractProtocol.start Starting ProtocolHandler ["http-nio-8080"]
13-Jan-2025 16:09:54.060 INFO [main] org.apache.catalina.startup.Catalina.start Server startup in [6474] milliseconds
13-Jan-2025 16:15:46.047 INFO [Thread-1] org.apache.coyote.AbstractProtocol.pause Pausing ProtocolHandler ["http-nio-8080"]
13-Jan-2025 16:15:46.051 INFO [Thread-1] org.apache.catalina.core.StandardService.stopInternal Stopping service [Catalina]
13-Jan-2025 16:15:46.068 INFO [Thread-1] org.apache.coyote.AbstractProtocol.stop Stopping ProtocolHandler ["http-nio-8080"]
13-Jan-2025 16:15:46.089 INFO [Thread-1] org.apache.coyote.AbstractProtocol.destroy Destroying ProtocolHandler ["http-nio-8080"]
13-Jan-2025 16:26:26.202 INFO [main] org.apache.catalina.startup.VersionLoggerListener.log Server version name:   Apache Tomcat/10.1.30
13-Jan-2025 16:26:26.205 INFO [main] org.apache.catalina.startup.VersionLoggerListener.log Server built:          Sep 13 2024 20:26:16 UTC
13-Jan-2025 16:26:26.206 INFO [main] org.apache.catalina.startup.VersionLoggerListener.log Server version number: 10.1.30.0
13-Jan-2025 16:26:26.206 INFO [main] org.apache.catalina.startup.VersionLoggerListener.log OS Name:               Windows 10
13-Jan-2025 16:26:26.207 INFO [main] org.apache.catalina.startup.VersionLoggerListener.log OS Version:            10.0
13-Jan-2025 16:26:26.207 INFO [main] org.apache.catalina.startup.VersionLoggerListener.log Architecture:          amd64
13-Jan-2025 16:26:26.207 INFO [main] org.apache.catalina.startup.VersionLoggerListener.log Java Home:             C:\Users\mau.lopezrodriguez\.jdks\corretto-21.0.4
13-Jan-2025 16:26:26.207 INFO [main] org.apache.catalina.startup.VersionLoggerListener.log JVM Version:           21.0.4+7-LTS
13-Jan-2025 16:26:26.207 INFO [main] org.apache.catalina.startup.VersionLoggerListener.log JVM Vendor:            Amazon.com Inc.
13-Jan-2025 16:26:26.207 INFO [main] org.apache.catalina.startup.VersionLoggerListener.log CATALINA_BASE:         C:\Users\mau.lopezrodriguez\OneDrive - Travelport\Desktop\project-two
13-Jan-2025 16:26:26.208 INFO [main] org.apache.catalina.startup.VersionLoggerListener.log CATALINA_HOME:         C:\dev\tomcat\10.1.30
13-Jan-2025 16:26:26.219 INFO [main] org.apache.catalina.startup.VersionLoggerListener.log Command line argument: --add-opens=java.base/java.lang=ALL-UNNAMED
13-Jan-2025 16:26:26.219 INFO [main] org.apache.catalina.startup.VersionLoggerListener.log Command line argument: --add-opens=java.base/java.io=ALL-UNNAMED
13-Jan-2025 16:26:26.219 INFO [main] org.apache.catalina.startup.VersionLoggerListener.log Command line argument: --add-opens=java.base/java.util=ALL-UNNAMED
13-Jan-2025 16:26:26.219 INFO [main] org.apache.catalina.startup.VersionLoggerListener.log Command line argument: --add-opens=java.base/java.util.concurrent=ALL-UNNAMED
13-Jan-2025 16:26:26.220 INFO [main] org.apache.catalina.startup.VersionLoggerListener.log Command line argument: --add-opens=java.rmi/sun.rmi.transport=ALL-UNNAMED
13-Jan-2025 16:26:26.220 INFO [main] org.apache.catalina.startup.VersionLoggerListener.log Command line argument: -Dcatalina.home=C:\dev\tomcat\10.1.30
13-Jan-2025 16:26:26.220 INFO [main] org.apache.catalina.startup.VersionLoggerListener.log Command line argument: -Dcatalina.base=C:\Users\mau.lopezrodriguez\OneDrive - Travelport\Desktop\project-two
13-Jan-2025 16:26:26.220 INFO [main] org.apache.catalina.startup.VersionLoggerListener.log Command line argument: -Djava.io.tmpdir=C:\Users\mau.lopezrodriguez\OneDrive - Travelport\Desktop\project-two\temp
13-Jan-2025 16:26:26.220 INFO [main] org.apache.catalina.startup.VersionLoggerListener.log Command line argument: -Djava.util.logging.config.file=C:\Users\mau.lopezrodriguez\OneDrive - Travelport\Desktop\project-two\conf\logging.properties
13-Jan-2025 16:26:26.220 INFO [main] org.apache.catalina.startup.VersionLoggerListener.log Command line argument: -Djava.util.logging.manager=org.apache.juli.ClassLoaderLogManager
13-Jan-2025 16:26:26.220 INFO [main] org.apache.catalina.startup.VersionLoggerListener.log Command line argument: -javaagent:C:\Program Files\JetBrains\IntelliJ IDEA Community Edition 2024.2.1\lib\idea_rt.jar=56766:C:\Program Files\JetBrains\IntelliJ IDEA Community Edition 2024.2.1\bin
13-Jan-2025 16:26:26.221 INFO [main] org.apache.catalina.startup.VersionLoggerListener.log Command line argument: -Dfile.encoding=UTF-8
13-Jan-2025 16:26:26.221 INFO [main] org.apache.catalina.startup.VersionLoggerListener.log Command line argument: -Dsun.stdout.encoding=UTF-8
13-Jan-2025 16:26:26.221 INFO [main] org.apache.catalina.startup.VersionLoggerListener.log Command line argument: -Dsun.stderr.encoding=UTF-8
13-Jan-2025 16:26:26.225 INFO [main] org.apache.catalina.core.AprLifecycleListener.lifecycleEvent Loaded Apache Tomcat Native library [2.0.8] using APR version [1.7.4].
13-Jan-2025 16:26:26.232 INFO [main] org.apache.catalina.core.AprLifecycleListener.initializeSSL OpenSSL successfully initialized [OpenSSL 3.0.14 4 Jun 2024]
13-Jan-2025 16:26:26.505 INFO [main] org.apache.coyote.AbstractProtocol.init Initializing ProtocolHandler ["http-nio-8080"]
13-Jan-2025 16:26:26.529 INFO [main] org.apache.catalina.startup.Catalina.load Server initialization in [483] milliseconds
13-Jan-2025 16:26:26.627 INFO [main] org.apache.catalina.core.StandardService.startInternal Starting service [Catalina]
13-Jan-2025 16:26:26.628 INFO [main] org.apache.catalina.core.StandardEngine.startInternal Starting Servlet engine: [Apache Tomcat/10.1.30]
13-Jan-2025 16:26:26.641 INFO [main] org.apache.catalina.startup.HostConfig.deployDescriptor Deploying deployment descriptor [C:\Users\mau.lopezrodriguez\OneDrive - Travelport\Desktop\project-two\conf\Catalina\localhost\project-two.xml]
13-Jan-2025 16:26:32.441 INFO [main] org.apache.jasper.servlet.TldScanner.scanJars At least one JAR was scanned for TLDs yet contained no TLDs. Enable debug logging for this logger for a complete list of JARs that were scanned but no TLDs were found in them. Skipping unneeded JARs during scanning can improve startup time and JSP compilation time.
13-Jan-2025 16:26:32.691 INFO [main] org.apache.catalina.startup.HostConfig.deployDescriptor Deployment of deployment descriptor [C:\Users\mau.lopezrodriguez\OneDrive - Travelport\Desktop\project-two\conf\Catalina\localhost\project-two.xml] has finished in [6,050] ms
13-Jan-2025 16:26:32.698 INFO [main] org.apache.coyote.AbstractProtocol.start Starting ProtocolHandler ["http-nio-8080"]
13-Jan-2025 16:26:32.726 INFO [main] org.apache.catalina.startup.Catalina.start Server startup in [6194] milliseconds
13-Jan-2025 16:26:41.697 INFO [Thread-1] org.apache.coyote.AbstractProtocol.pause Pausing ProtocolHandler ["http-nio-8080"]
13-Jan-2025 16:26:41.701 INFO [Thread-1] org.apache.catalina.core.StandardService.stopInternal Stopping service [Catalina]
13-Jan-2025 16:26:41.719 INFO [Thread-1] org.apache.coyote.AbstractProtocol.stop Stopping ProtocolHandler ["http-nio-8080"]
13-Jan-2025 16:26:41.733 INFO [Thread-1] org.apache.coyote.AbstractProtocol.destroy Destroying ProtocolHandler ["http-nio-8080"]
